#
# A fatal error has been detected by the Java Runtime Environment:
#
#  EXCEPTION_ACCESS_VIOLATION (0xc0000005) at pc=0x6d8cabb3, pid=5720, tid=5216
#
# JRE version: 6.0_20-b02
# Java VM: Java HotSpot(TM) Client VM (16.3-b01 mixed mode windows-x86 )
# Problematic frame:
# V  [jvm.dll+0xcabb3]
#
# If you would like to submit a bug report, please visit:
#   http://java.sun.com/webapps/bugreport/crash.jsp
#

---------------  T H R E A D  ---------------

Current thread (0x01896400):  VMThread [stack: 0x17aa0000,0x17af0000] [id=5216]

siginfo: ExceptionCode=0xc0000005, reading address 0x218370bc

Registers:
EAX=0x17aefcf8, EBX=0x01837740, ECX=0x07fffe5f, EDX=0xffffcbee
ESP=0x17aefb98, EBP=0x17aefba4, ESI=0x17aefcb0, EDI=0x00004000
EIP=0x6d8cabb3, EFLAGS=0x00010206

Top of Stack: (sp=0x17aefb98)
0x17aefb98:   17aefcb0 0000015b 00000000 17aefbc4
0x17aefba8:   6d8cb162 17aefcb0 ffffcbee 00000000
0x17aefbb8:   00000099 17aefcb0 01837740 17aefc0c
0x17aefbc8:   6d8cc651 000093ca 6d8cab90 00000000
0x17aefbd8:   01896400 17aefcb0 00000000 01896658
0x17aefbe8:   0000015b 0000015e 00000286 00000099
0x17aefbf8:   00000200 14240cb0 00000099 0000015b
0x17aefc08:   01aefc6c 17aefc6c 6d8cdd01 01895380 

Instructions: (pc=0x6d8cabb3)
0x6d8caba3:   1f bf 01 00 00 00 d3 e7 8d 46 48 8b ca c1 e9 05
0x6d8cabb3:   85 3c 8b 75 0d 6a 01 52 8b c8 e8 9e 50 f5 ff ff 


Stack: [0x17aa0000,0x17af0000],  sp=0x17aefb98,  free space=13e17aef6f4k
Native frames: (J=compiled Java code, j=interpreted, Vv=VM code, C=native code)
V  [jvm.dll+0xcabb3]
V  [jvm.dll+0xcb162]
V  [jvm.dll+0xcc651]
V  [jvm.dll+0xcdd01]
V  [jvm.dll+0x1795fb]
V  [jvm.dll+0x17988d]
V  [jvm.dll+0x179bfb]
V  [jvm.dll+0xd8d76]
V  [jvm.dll+0x16b764]
V  [jvm.dll+0x1f004b]
V  [jvm.dll+0x1429e5]
V  [jvm.dll+0x1f7043]
V  [jvm.dll+0x1f62de]
V  [jvm.dll+0x1f662c]
V  [jvm.dll+0x1f6a52]
V  [jvm.dll+0x17f96c]
C  [msvcr71.dll+0x9565]
C  [kernel32.dll+0x51194]
C  [ntdll.dll+0x5b495]
C  [ntdll.dll+0x5b468]

VM_Operation (0x17cff948): GetOrSetLocal, mode: safepoint, requested by thread 0x018e1800


---------------  P R O C E S S  ---------------

Java Threads: ( => current thread )
  0x18559800 JavaThread "TimerQueue" daemon [_thread_blocked, id=6024, stack(0x19170000,0x191c0000)]
  0x184f2800 JavaThread "Swing-Shell" daemon [_thread_blocked, id=3404, stack(0x186c0000,0x18710000)]
  0x18464c00 JavaThread "AWT-Windows" daemon [_thread_in_native, id=6020, stack(0x18380000,0x183d0000)]
  0x18463c00 JavaThread "Java2D Disposer" daemon [_thread_blocked, id=5088, stack(0x18180000,0x181d0000)]
  0x018f3c00 JavaThread "Low Memory Detector" daemon [_thread_blocked, id=5412, stack(0x17e80000,0x17ed0000)]
  0x018efc00 JavaThread "CompilerThread0" daemon [_thread_blocked, id=5344, stack(0x17e00000,0x17e50000)]
  0x018ee000 JavaThread "JDWP Command Reader" daemon [_thread_in_native, id=5600, stack(0x17db0000,0x17e00000)]
  0x018e3c00 JavaThread "JDWP Event Helper Thread" daemon [_thread_blocked, id=5708, stack(0x17d60000,0x17db0000)]
  0x018e1800 JavaThread "JDWP Transport Listener: dt_socket" daemon [_thread_blocked, id=1740, stack(0x17cb0000,0x17d00000)]
  0x018cc000 JavaThread "Attach Listener" daemon [_thread_blocked, id=5380, stack(0x17be0000,0x17c30000)]
  0x018c9000 JavaThread "Signal Dispatcher" daemon [_thread_blocked, id=4368, stack(0x17b90000,0x17be0000)]
  0x0189e000 JavaThread "Finalizer" daemon [_thread_blocked, id=4976, stack(0x17b40000,0x17b90000)]
  0x01899400 JavaThread "Reference Handler" daemon [_thread_blocked, id=4920, stack(0x17af0000,0x17b40000)]
  0x003b9000 JavaThread "main" [_thread_blocked, id=4992, stack(0x00350000,0x003a0000)]

Other Threads:
=>0x01896400 VMThread [stack: 0x17aa0000,0x17af0000] [id=5216]
  0x01906800 WatcherThread [stack: 0x17ed0000,0x17f20000] [id=4588]

VM state:at safepoint (normal execution)

VM Mutex/Monitor currently owned by a thread:  ([mutex/lock_event])
[0x003b7548] Threads_lock - owner thread: 0x01896400

Heap
 def new generation   total 4928K, used 3732K [0x03990000, 0x03ee0000, 0x08ee0000)
  eden space 4416K,  84% used [0x03990000, 0x03d35320, 0x03de0000)
  from space 512K,   0% used [0x03de0000, 0x03de0000, 0x03e60000)
  to   space 512K,   0% used [0x03e60000, 0x03e60000, 0x03ee0000)
 tenured generation   total 10944K, used 0K [0x08ee0000, 0x09990000, 0x13990000)
   the space 10944K,   0% used [0x08ee0000, 0x08ee0000, 0x08ee0200, 0x09990000)
 compacting perm gen  total 12288K, used 8912K [0x13990000, 0x14590000, 0x17990000)
   the space 12288K,  72% used [0x13990000, 0x14244048, 0x14244200, 0x14590000)
No shared spaces configured.

Dynamic libraries:
0x00400000 - 0x00424000 	C:\Program Files\Java\jre6\bin\javaw.exe
0x76ee0000 - 0x7701c000 	C:\Windows\SYSTEM32\ntdll.dll
0x76e00000 - 0x76ed4000 	C:\Windows\system32\kernel32.dll
0x750b0000 - 0x750fa000 	C:\Windows\system32\KERNELBASE.dll
0x75f10000 - 0x75fb0000 	C:\Windows\system32\ADVAPI32.dll
0x756c0000 - 0x7576c000 	C:\Windows\system32\msvcrt.dll
0x770f0000 - 0x77109000 	C:\Windows\SYSTEM32\sechost.dll
0x75840000 - 0x758e1000 	C:\Windows\system32\RPCRT4.dll
0x75770000 - 0x75839000 	C:\Windows\system32\USER32.dll
0x75450000 - 0x7549e000 	C:\Windows\system32\GDI32.dll
0x758f0000 - 0x758fa000 	C:\Windows\system32\LPK.dll
0x75d20000 - 0x75dbd000 	C:\Windows\system32\USP10.dll
0x77020000 - 0x7703f000 	C:\Windows\system32\IMM32.DLL
0x754a0000 - 0x7556c000 	C:\Windows\system32\MSCTF.dll
0x7c340000 - 0x7c396000 	C:\Program Files\Java\jre6\bin\msvcr71.dll
0x6d800000 - 0x6da97000 	C:\Program Files\Java\jre6\bin\client\jvm.dll
0x73470000 - 0x734a2000 	C:\Windows\system32\WINMM.dll
0x74f30000 - 0x74f7b000 	C:\Windows\system32\apphelp.dll
0x6d7b0000 - 0x6d7bc000 	C:\Program Files\Java\jre6\bin\verify.dll
0x6d330000 - 0x6d34f000 	C:\Program Files\Java\jre6\bin\java.dll
0x6d290000 - 0x6d298000 	C:\Program Files\Java\jre6\bin\hpi.dll
0x75ab0000 - 0x75ab5000 	C:\Windows\system32\PSAPI.DLL
0x6d380000 - 0x6d3a9000 	C:\Program Files\Java\jre6\bin\jdwp.dll
0x6d6a0000 - 0x6d6a6000 	C:\Program Files\Java\jre6\bin\npt.dll
0x6d7f0000 - 0x6d7ff000 	C:\Program Files\Java\jre6\bin\zip.dll
0x6d200000 - 0x6d207000 	C:\Program Files\Java\jre6\bin\dt_socket.dll
0x753c0000 - 0x753f5000 	C:\Windows\system32\WS2_32.dll
0x75900000 - 0x75906000 	C:\Windows\system32\NSI.dll
0x73350000 - 0x73360000 	C:\Windows\system32\NLAapi.dll
0x74a50000 - 0x74a8c000 	C:\Windows\System32\mswsock.dll
0x74890000 - 0x748d4000 	C:\Windows\system32\DNSAPI.dll
0x6fda0000 - 0x6fda8000 	C:\Windows\System32\winrnr.dll
0x6fd90000 - 0x6fda0000 	C:\Windows\system32\napinsp.dll
0x6fd70000 - 0x6fd82000 	C:\Windows\system32\pnrpnsp.dll
0x6fd60000 - 0x6fd6d000 	C:\Windows\system32\wshbth.dll
0x72de0000 - 0x72dfc000 	C:\Windows\system32\IPHLPAPI.DLL
0x72dd0000 - 0x72dd7000 	C:\Windows\system32\WINNSI.DLL
0x72cb0000 - 0x72ce8000 	C:\Windows\System32\fwpuclnt.dll
0x6fdd0000 - 0x6fdd6000 	C:\Windows\system32\rasadhlp.dll
0x745c0000 - 0x745c5000 	C:\Windows\System32\wshtcpip.dll
0x6d000000 - 0x6d14a000 	C:\Program Files\Java\jre6\bin\awt.dll
0x70e00000 - 0x70e51000 	C:\Windows\system32\WINSPOOL.DRV
0x75ac0000 - 0x75c1c000 	C:\Windows\system32\ole32.dll
0x73fc0000 - 0x7415e000 	C:\Windows\WinSxS\x86_microsoft.windows.common-controls_6595b64144ccf1df_6.0.7600.16661_none_420fe3fa2b8113bd\COMCTL32.dll
0x75eb0000 - 0x75f07000 	C:\Windows\system32\SHLWAPI.dll
0x73b10000 - 0x73b23000 	C:\Windows\system32\DWMAPI.DLL
0x73e40000 - 0x73e80000 	C:\Windows\system32\uxtheme.dll
0x74fb0000 - 0x74fbc000 	C:\Windows\system32\CRYPTBASE.dll
0x761b0000 - 0x76df9000 	C:\Windows\system32\shell32.dll
0x6d230000 - 0x6d284000 	C:\Program Files\Java\jre6\bin\fontmanager.dll
0x75e20000 - 0x75eaf000 	C:\Windows\system32\OLEAUT32.dll
0x6d610000 - 0x6d623000 	C:\Program Files\Java\jre6\bin\net.dll
0x74a40000 - 0x74a46000 	C:\Windows\System32\wship6.dll
0x6d630000 - 0x6d639000 	C:\Program Files\Java\jre6\bin\nio.dll
0x75910000 - 0x75aad000 	C:\Windows\system32\SETUPAPI.dll
0x751e0000 - 0x75207000 	C:\Windows\system32\CFGMGR32.dll
0x751c0000 - 0x751d2000 	C:\Windows\system32\DEVOBJ.dll
0x75330000 - 0x753b3000 	C:\Windows\system32\CLBCatQ.DLL
0x73e80000 - 0x73f75000 	C:\Windows\system32\propsys.dll
0x73a80000 - 0x73aa1000 	C:\Windows\system32\ntmarta.dll
0x75400000 - 0x75445000 	C:\Windows\system32\WLDAP32.dll
0x6c180000 - 0x6c318000 	C:\Windows\system32\NetworkExplorer.dll
0x6d730000 - 0x6d75e000 	C:\Windows\System32\shdocvw.dll
0x75030000 - 0x7503b000 	C:\Windows\system32\profapi.dll
0x73250000 - 0x7325a000 	C:\Windows\system32\slc.dll
0x6f960000 - 0x6f972000 	C:\Windows\system32\MPR.dll
0x6f220000 - 0x6f228000 	C:\Windows\System32\drprov.dll
0x74f80000 - 0x74fa9000 	C:\Windows\System32\WINSTA.dll
0x6e450000 - 0x6e464000 	C:\Windows\System32\ntlanman.dll
0x18ca0000 - 0x18cb6000 	C:\Windows\System32\davclnt.dll
0x6f200000 - 0x6f208000 	C:\Windows\System32\DAVHLPR.dll
0x6b950000 - 0x6b964000 	C:\Windows\system32\LMIRfsClientNP.dll
0x73760000 - 0x7376f000 	C:\Windows\system32\wkscli.dll
0x6fdb0000 - 0x6fdbb000 	C:\Windows\system32\cscapi.dll
0x73770000 - 0x73779000 	C:\Windows\system32\netutils.dll
0x5d630000 - 0x5d868000 	C:\Windows\system32\wpdshext.dll
0x73cb0000 - 0x73e40000 	C:\Windows\WinSxS\x86_microsoft.windows.gdiplus_6595b64144ccf1df_1.1.7600.16385_none_72fc7cbf861225ca\gdiplus.dll
0x6eb40000 - 0x6ebc9000 	C:\Windows\system32\PortableDeviceApi.dll
0x75190000 - 0x751bd000 	C:\Windows\system32\WINTRUST.dll
0x75210000 - 0x7532c000 	C:\Windows\system32\CRYPT32.dll
0x750a0000 - 0x750ac000 	C:\Windows\system32\MSASN1.dll
0x73030000 - 0x7306f000 	C:\Windows\system32\audiodev.dll
0x6e640000 - 0x6e8a7000 	C:\Windows\system32\WMVCore.DLL
0x6ea30000 - 0x6ea6d000 	C:\Windows\system32\WMASF.DLL
0x6daa0000 - 0x6dad1000 	C:\Windows\system32\EhStorShell.dll
0x70d20000 - 0x70d42000 	C:\Windows\system32\EhStorAPI.dll
0x6d6f0000 - 0x6d6f9000 	C:\Windows\system32\LINKINFO.dll
0x18d70000 - 0x18dfe000 	C:\Program Files\QueryExplorer\queryexplorer.dll
0x75c20000 - 0x75d14000 	C:\Windows\system32\WININET.dll
0x75570000 - 0x75573000 	C:\Windows\system32\Normaliz.dll
0x75580000 - 0x756b5000 	C:\Windows\system32\urlmon.dll
0x75fb0000 - 0x761a9000 	C:\Windows\system32\iertutil.dll

VM Arguments:
jvm_args: -agentlib:jdwp=transport=dt_socket,suspend=y,address=localhost:56962 -Dfile.encoding=Cp1252 
java_command: trabalhoia.Main
Launcher Type: SUN_STANDARD

Environment Variables:
CLASSPATH=.;C:\Program Files\Java\jre6\lib\ext\QTJava.zip
PATH=C:/Program Files/Java/jre6/bin/client;C:/Program Files/Java/jre6/bin;C:/Program Files/Java/jre6/lib/i386;C:\Program Files\MiKTeX 2.9\miktex/bin;C:\Windows\system32;C:\Windows;C:\Windows\System32\Wbem;C:\Windows\System32\WindowsPowerShell\v1.0\;C:\Program Files\Microsoft SQL Server\100\Tools\Binn\;C:\Program Files\Microsoft SQL Server\100\DTS\Binn\;C:\Program Files\QuickTime\QTSystem\
USERNAME=shizue
OS=Windows_NT
PROCESSOR_IDENTIFIER=x86 Family 6 Model 23 Stepping 10, GenuineIntel



---------------  S Y S T E M  ---------------

OS: Windows 7 Build 7600 

CPU:total 2 (2 cores per cpu, 1 threads per core) family 6 model 23 stepping 10, cmov, cx8, fxsr, mmx, sse, sse2, sse3, ssse3, sse4.1

Memory: 4k page, physical 3135532k(1774304k free), swap 6269300k(3646184k free)

vm_info: Java HotSpot(TM) Client VM (16.3-b01) for windows-x86 JRE (1.6.0_20-b02), built on Apr 12 2010 13:52:23 by "java_re" with MS VC++ 7.1 (VS2003)

time: Wed Nov 17 20:08:12 2010
elapsed time: 3187 seconds

